<?xml version="1.0" encoding="UTF-8"?>
<!-- Generated by org.testng.reporters.JUnitReportReporter -->
<testsuite skipped="0" hostname="LAPTOP-UJPD4G6T" name="qaclickacademy.mavenjava.AppiumTest" tests="1" failures="0" timestamp="2020-07-30T15:13:14 IST" time="0.014" errors="0">
  <testcase name="nativeappandroid" time="0.014" classname="qaclickacademy.mavenjava.AppiumTest"/>
  <system-out/>
</testsuite> <!-- qaclickacademy.mavenjava.AppiumTest -->
