<?xml version="1.0" encoding="UTF-8"?>
<!-- Generated by org.testng.reporters.JUnitReportReporter -->
<testsuite skipped="0" hostname="LAPTOP-UJPD4G6T" name="qaclickacademy.mavenjava.RestApiTest" tests="2" failures="0" timestamp="30 Jul 2020 10:57:04 GMT" time="0.001" errors="0">
  <testcase name="postjira" time="0.000" classname="qaclickacademy.mavenjava.RestApiTest"/>
  <testcase name="deletetwitter" time="0.001" classname="qaclickacademy.mavenjava.RestApiTest"/>
</testsuite> <!-- qaclickacademy.mavenjava.RestApiTest -->
