<?xml version="1.0" encoding="UTF-8"?>
<!-- Generated by org.testng.reporters.JUnitReportReporter -->
<testsuite skipped="0" hostname="LAPTOP-UJPD4G6T" name="qaclickacademy.mavenjava.SeleinumTest" tests="1" failures="0" timestamp="30 Jul 2020 10:57:04 GMT" time="0.006" errors="0">
  <testcase name="elementUI" time="0.006" classname="qaclickacademy.mavenjava.SeleinumTest"/>
</testsuite> <!-- qaclickacademy.mavenjava.SeleinumTest -->
