<?xml version="1.0" encoding="UTF-8"?>
<!-- Generated by org.testng.reporters.JUnitReportReporter -->
<testsuite skipped="0" hostname="LAPTOP-UJPD4G6T" name="qaclickacademy.mavenjava.AppiumTest" tests="2" failures="0" timestamp="30 Jul 2020 10:56:12 GMT" time="0.000" errors="0">
  <testcase name="nativeappandroid" time="0.000" classname="qaclickacademy.mavenjava.AppiumTest"/>
  <testcase name="iosapps" time="0.000" classname="qaclickacademy.mavenjava.AppiumTest"/>
</testsuite> <!-- qaclickacademy.mavenjava.AppiumTest -->
